{"/home/clara/Documentos/misrepos/ghibli-films-finder/js/interaction.js": {"path":"/home/clara/Documentos/misrepos/ghibli-films-finder/js/interaction.js","statementMap":{"0":{"start":{"line":4,"column":15},"end":{"line":4,"column":23}},"1":{"start":{"line":5,"column":15},"end":{"line":5,"column":23}},"2":{"start":{"line":7,"column":18},"end":{"line":7,"column":50}},"3":{"start":{"line":10,"column":4},"end":{"line":10,"column":109}},"4":{"start":{"line":10,"column":32},"end":{"line":10,"column":107}},"5":{"start":{"line":14,"column":4},"end":{"line":20,"column":5}},"6":{"start":{"line":15,"column":28},"end":{"line":15,"column":68}},"7":{"start":{"line":16,"column":21},"end":{"line":16,"column":54}},"8":{"start":{"line":17,"column":22},"end":{"line":17,"column":56}},"9":{"start":{"line":18,"column":20},"end":{"line":18,"column":55}},"10":{"start":{"line":19,"column":8},"end":{"line":19,"column":49}},"11":{"start":{"line":25,"column":20},"end":{"line":25,"column":34}},"12":{"start":{"line":26,"column":46},"end":{"line":26,"column":53}},"13":{"start":{"line":28,"column":4},"end":{"line":40,"column":5}},"14":{"start":{"line":29,"column":8},"end":{"line":29,"column":47}},"15":{"start":{"line":30,"column":8},"end":{"line":30,"column":40}},"16":{"start":{"line":31,"column":8},"end":{"line":31,"column":39}},"17":{"start":{"line":32,"column":8},"end":{"line":32,"column":43}},"18":{"start":{"line":33,"column":8},"end":{"line":33,"column":50}},"19":{"start":{"line":34,"column":11},"end":{"line":40,"column":5}},"20":{"start":{"line":35,"column":8},"end":{"line":35,"column":44}},"21":{"start":{"line":36,"column":8},"end":{"line":36,"column":40}},"22":{"start":{"line":37,"column":8},"end":{"line":37,"column":39}},"23":{"start":{"line":38,"column":8},"end":{"line":38,"column":43}},"24":{"start":{"line":39,"column":8},"end":{"line":39,"column":50}},"25":{"start":{"line":44,"column":17},"end":{"line":44,"column":36}},"26":{"start":{"line":45,"column":15},"end":{"line":45,"column":22}},"27":{"start":{"line":46,"column":4},"end":{"line":46,"column":40}},"28":{"start":{"line":47,"column":4},"end":{"line":47,"column":27}},"29":{"start":{"line":48,"column":4},"end":{"line":48,"column":21}},"30":{"start":{"line":52,"column":23},"end":{"line":52,"column":58}},"31":{"start":{"line":53,"column":23},"end":{"line":53,"column":38}},"32":{"start":{"line":54,"column":4},"end":{"line":56,"column":45}},"33":{"start":{"line":55,"column":24},"end":{"line":55,"column":38}},"34":{"start":{"line":56,"column":21},"end":{"line":56,"column":43}},"35":{"start":{"line":60,"column":4},"end":{"line":60,"column":42}},"36":{"start":{"line":60,"column":21},"end":{"line":60,"column":40}},"37":{"start":{"line":64,"column":19},"end":{"line":64,"column":36}},"38":{"start":{"line":65,"column":4},"end":{"line":69,"column":5}},"39":{"start":{"line":66,"column":8},"end":{"line":66,"column":40}},"40":{"start":{"line":68,"column":8},"end":{"line":68,"column":43}}},"fnMap":{"0":{"name":"filterTitle","decl":{"start":{"line":9,"column":9},"end":{"line":9,"column":20}},"loc":{"start":{"line":9,"column":34},"end":{"line":11,"column":1}},"line":9},"1":{"name":"(anonymous_1)","decl":{"start":{"line":10,"column":24},"end":{"line":10,"column":25}},"loc":{"start":{"line":10,"column":32},"end":{"line":10,"column":107}},"line":10},"2":{"name":"pickCard","decl":{"start":{"line":13,"column":9},"end":{"line":13,"column":17}},"loc":{"start":{"line":13,"column":24},"end":{"line":21,"column":1}},"line":13},"3":{"name":"flipCard","decl":{"start":{"line":23,"column":9},"end":{"line":23,"column":17}},"loc":{"start":{"line":23,"column":31},"end":{"line":41,"column":1}},"line":23},"4":{"name":"showDescription","decl":{"start":{"line":43,"column":9},"end":{"line":43,"column":24}},"loc":{"start":{"line":43,"column":32},"end":{"line":49,"column":1}},"line":43},"5":{"name":"resetFlippedCard","decl":{"start":{"line":51,"column":9},"end":{"line":51,"column":25}},"loc":{"start":{"line":51,"column":40},"end":{"line":57,"column":1}},"line":51},"6":{"name":"(anonymous_6)","decl":{"start":{"line":55,"column":16},"end":{"line":55,"column":17}},"loc":{"start":{"line":55,"column":24},"end":{"line":55,"column":38}},"line":55},"7":{"name":"(anonymous_7)","decl":{"start":{"line":56,"column":13},"end":{"line":56,"column":14}},"loc":{"start":{"line":56,"column":21},"end":{"line":56,"column":43}},"line":56},"8":{"name":"cleanContainers","decl":{"start":{"line":59,"column":9},"end":{"line":59,"column":24}},"loc":{"start":{"line":59,"column":34},"end":{"line":61,"column":1}},"line":59},"9":{"name":"(anonymous_9)","decl":{"start":{"line":60,"column":13},"end":{"line":60,"column":14}},"loc":{"start":{"line":60,"column":21},"end":{"line":60,"column":40}},"line":60},"10":{"name":"fixSearchSection","decl":{"start":{"line":63,"column":9},"end":{"line":63,"column":25}},"loc":{"start":{"line":63,"column":35},"end":{"line":70,"column":1}},"line":63}},"branchMap":{"0":{"loc":{"start":{"line":10,"column":33},"end":{"line":10,"column":63}},"type":"binary-expr","locations":[{"start":{"line":10,"column":33},"end":{"line":10,"column":43}},{"start":{"line":10,"column":47},"end":{"line":10,"column":63}}],"line":10},"1":{"loc":{"start":{"line":14,"column":4},"end":{"line":20,"column":5}},"type":"if","locations":[{"start":{"line":14,"column":4},"end":{"line":20,"column":5}},{"start":{"line":14,"column":4},"end":{"line":20,"column":5}}],"line":14},"2":{"loc":{"start":{"line":28,"column":4},"end":{"line":40,"column":5}},"type":"if","locations":[{"start":{"line":28,"column":4},"end":{"line":40,"column":5}},{"start":{"line":28,"column":4},"end":{"line":40,"column":5}}],"line":28},"3":{"loc":{"start":{"line":34,"column":11},"end":{"line":40,"column":5}},"type":"if","locations":[{"start":{"line":34,"column":11},"end":{"line":40,"column":5}},{"start":{"line":34,"column":11},"end":{"line":40,"column":5}}],"line":34},"4":{"loc":{"start":{"line":65,"column":4},"end":{"line":69,"column":5}},"type":"if","locations":[{"start":{"line":65,"column":4},"end":{"line":69,"column":5}},{"start":{"line":65,"column":4},"end":{"line":69,"column":5}}],"line":65}},"s":{"0":1,"1":1,"2":1,"3":2,"4":23,"5":15,"6":15,"7":15,"8":15,"9":15,"10":15,"11":4,"12":4,"13":4,"14":2,"15":2,"16":2,"17":2,"18":2,"19":2,"20":2,"21":2,"22":2,"23":2,"24":2,"25":0,"26":0,"27":0,"28":0,"29":0,"30":1,"31":1,"32":1,"33":2,"34":1,"35":1,"36":1,"37":0,"38":0,"39":0,"40":0},"f":{"0":2,"1":23,"2":15,"3":4,"4":0,"5":1,"6":2,"7":1,"8":1,"9":1,"10":0},"b":{"0":[23,0],"1":[15,0],"2":[2,2],"3":[2,0],"4":[0,0]},"_coverageSchema":"43e27e138ebf9cfc5966b082cf9a028302ed4184","hash":"fc84a88d25e4170b956c75eddd84453afc3dce9b"}
,"/home/clara/Documentos/misrepos/ghibli-films-finder/js/loader.js": {"path":"/home/clara/Documentos/misrepos/ghibli-films-finder/js/loader.js","statementMap":{"0":{"start":{"line":3,"column":19},"end":{"line":17,"column":29}},"1":{"start":{"line":18,"column":4},"end":{"line":18,"column":30}}},"fnMap":{"0":{"name":"loader","decl":{"start":{"line":2,"column":9},"end":{"line":2,"column":15}},"loc":{"start":{"line":2,"column":24},"end":{"line":19,"column":3}},"line":2}},"branchMap":{},"s":{"0":1,"1":1},"f":{"0":1},"b":{},"_coverageSchema":"43e27e138ebf9cfc5966b082cf9a028302ed4184","hash":"5e394e2aca2e4182aa6a2b2bc68e8927a7c8a0c5"}
,"/home/clara/Documentos/misrepos/ghibli-films-finder/js/print.js": {"path":"/home/clara/Documentos/misrepos/ghibli-films-finder/js/print.js","statementMap":{"0":{"start":{"line":4,"column":59},"end":{"line":4,"column":63}},"1":{"start":{"line":6,"column":8},"end":{"line":18,"column":24}},"2":{"start":{"line":19,"column":4},"end":{"line":19,"column":16}},"3":{"start":{"line":23,"column":4},"end":{"line":28,"column":5}},"4":{"start":{"line":24,"column":26},"end":{"line":24,"column":66}},"5":{"start":{"line":25,"column":8},"end":{"line":27,"column":9}},"6":{"start":{"line":26,"column":12},"end":{"line":26,"column":49}},"7":{"start":{"line":33,"column":4},"end":{"line":35,"column":5}},"8":{"start":{"line":34,"column":8},"end":{"line":34,"column":70}}},"fnMap":{"0":{"name":"createNodeFilm","decl":{"start":{"line":3,"column":9},"end":{"line":3,"column":23}},"loc":{"start":{"line":3,"column":30},"end":{"line":20,"column":1}},"line":3},"1":{"name":"addClickListener","decl":{"start":{"line":22,"column":9},"end":{"line":22,"column":25}},"loc":{"start":{"line":22,"column":42},"end":{"line":29,"column":1}},"line":22},"2":{"name":"printErrorMsg","decl":{"start":{"line":32,"column":9},"end":{"line":32,"column":22}},"loc":{"start":{"line":32,"column":45},"end":{"line":36,"column":1}},"line":32}},"branchMap":{"0":{"loc":{"start":{"line":23,"column":4},"end":{"line":28,"column":5}},"type":"if","locations":[{"start":{"line":23,"column":4},"end":{"line":28,"column":5}},{"start":{"line":23,"column":4},"end":{"line":28,"column":5}}],"line":23},"1":{"loc":{"start":{"line":23,"column":8},"end":{"line":23,"column":24}},"type":"binary-expr","locations":[{"start":{"line":23,"column":8},"end":{"line":23,"column":16}},{"start":{"line":23,"column":20},"end":{"line":23,"column":24}}],"line":23},"2":{"loc":{"start":{"line":32,"column":23},"end":{"line":32,"column":32}},"type":"default-arg","locations":[{"start":{"line":32,"column":30},"end":{"line":32,"column":32}}],"line":32},"3":{"loc":{"start":{"line":33,"column":4},"end":{"line":35,"column":5}},"type":"if","locations":[{"start":{"line":33,"column":4},"end":{"line":35,"column":5}},{"start":{"line":33,"column":4},"end":{"line":35,"column":5}}],"line":33}},"s":{"0":2,"1":2,"2":2,"3":1,"4":1,"5":1,"6":3,"7":1,"8":1},"f":{"0":2,"1":1,"2":1},"b":{"0":[1,0],"1":[1,1],"2":[0],"3":[1,0]},"_coverageSchema":"43e27e138ebf9cfc5966b082cf9a028302ed4184","hash":"e6c2fe6a3ce3e673afd6852d8ee608e1023b8a49"}
,"/home/clara/Documentos/misrepos/ghibli-films-finder/js/service.js": {"path":"/home/clara/Documentos/misrepos/ghibli-films-finder/js/service.js","statementMap":{"0":{"start":{"line":3,"column":17},"end":{"line":3,"column":56}},"1":{"start":{"line":6,"column":16},"end":{"line":8,"column":1}},"2":{"start":{"line":7,"column":4},"end":{"line":7,"column":51}},"3":{"start":{"line":7,"column":39},"end":{"line":7,"column":49}}},"fnMap":{"0":{"name":"(anonymous_0)","decl":{"start":{"line":6,"column":16},"end":{"line":6,"column":17}},"loc":{"start":{"line":6,"column":22},"end":{"line":8,"column":1}},"line":6},"1":{"name":"(anonymous_1)","decl":{"start":{"line":7,"column":32},"end":{"line":7,"column":33}},"loc":{"start":{"line":7,"column":39},"end":{"line":7,"column":49}},"line":7}},"branchMap":{},"s":{"0":1,"1":1,"2":1,"3":1},"f":{"0":1,"1":1},"b":{},"_coverageSchema":"43e27e138ebf9cfc5966b082cf9a028302ed4184","hash":"66bd9e39df29409b3063a814292aba46fe19e12a"}
,"/home/clara/Documentos/misrepos/ghibli-films-finder/js/setTimeOut.js": {"path":"/home/clara/Documentos/misrepos/ghibli-films-finder/js/setTimeOut.js","statementMap":{"0":{"start":{"line":4,"column":4},"end":{"line":4,"column":27}}},"fnMap":{"0":{"name":"waitForCalling","decl":{"start":{"line":3,"column":9},"end":{"line":3,"column":23}},"loc":{"start":{"line":3,"column":30},"end":{"line":5,"column":3}},"line":3}},"branchMap":{},"s":{"0":1},"f":{"0":1},"b":{},"_coverageSchema":"43e27e138ebf9cfc5966b082cf9a028302ed4184","hash":"d6c109d151be6301b57c76c2e7d05b31e3f879a0"}
,"/home/clara/Documentos/misrepos/ghibli-films-finder/test/fixtures/filmApiFixture.js": {"path":"/home/clara/Documentos/misrepos/ghibli-films-finder/test/fixtures/filmApiFixture.js","statementMap":{"0":{"start":{"line":2,"column":17},"end":{"line":465,"column":3}}},"fnMap":{},"branchMap":{},"s":{"0":2},"f":{},"b":{},"_coverageSchema":"43e27e138ebf9cfc5966b082cf9a028302ed4184","hash":"1b41fe9612eeacd986de4148f25559e233fad219"}
,"/home/clara/Documentos/misrepos/ghibli-films-finder/test/fixtures/filmElementsFixture.js": {"path":"/home/clara/Documentos/misrepos/ghibli-films-finder/test/fixtures/filmElementsFixture.js","statementMap":{"0":{"start":{"line":1,"column":18},"end":{"line":1,"column":37}},"1":{"start":{"line":2,"column":21},"end":{"line":8,"column":1}},"2":{"start":{"line":11,"column":4},"end":{"line":23,"column":24}},"3":{"start":{"line":25,"column":19},"end":{"line":38,"column":10}},"4":{"start":{"line":40,"column":19},"end":{"line":68,"column":10}}},"fnMap":{},"branchMap":{},"s":{"0":2,"1":2,"2":2,"3":2,"4":2},"f":{},"b":{},"_coverageSchema":"43e27e138ebf9cfc5966b082cf9a028302ed4184","hash":"e8aac2b33c5fa20d291e91a023b52ff34782d772"}
}
