{"/home/clara/Documentos/misrepos/ghibli-films-finder/js/interaction.js": {"path":"/home/clara/Documentos/misrepos/ghibli-films-finder/js/interaction.js","statementMap":{"0":{"start":{"line":4,"column":15},"end":{"line":4,"column":23}},"1":{"start":{"line":5,"column":15},"end":{"line":5,"column":23}},"2":{"start":{"line":7,"column":18},"end":{"line":7,"column":50}},"3":{"start":{"line":10,"column":4},"end":{"line":10,"column":109}},"4":{"start":{"line":10,"column":32},"end":{"line":10,"column":107}},"5":{"start":{"line":14,"column":4},"end":{"line":20,"column":5}},"6":{"start":{"line":15,"column":28},"end":{"line":15,"column":68}},"7":{"start":{"line":16,"column":21},"end":{"line":16,"column":54}},"8":{"start":{"line":17,"column":22},"end":{"line":17,"column":56}},"9":{"start":{"line":18,"column":20},"end":{"line":18,"column":55}},"10":{"start":{"line":19,"column":8},"end":{"line":19,"column":49}},"11":{"start":{"line":25,"column":20},"end":{"line":25,"column":34}},"12":{"start":{"line":26,"column":46},"end":{"line":26,"column":53}},"13":{"start":{"line":28,"column":4},"end":{"line":40,"column":5}},"14":{"start":{"line":29,"column":8},"end":{"line":29,"column":47}},"15":{"start":{"line":30,"column":8},"end":{"line":30,"column":40}},"16":{"start":{"line":31,"column":8},"end":{"line":31,"column":39}},"17":{"start":{"line":32,"column":8},"end":{"line":32,"column":43}},"18":{"start":{"line":33,"column":8},"end":{"line":33,"column":50}},"19":{"start":{"line":34,"column":11},"end":{"line":40,"column":5}},"20":{"start":{"line":35,"column":8},"end":{"line":35,"column":44}},"21":{"start":{"line":36,"column":8},"end":{"line":36,"column":40}},"22":{"start":{"line":37,"column":8},"end":{"line":37,"column":39}},"23":{"start":{"line":38,"column":8},"end":{"line":38,"column":43}},"24":{"start":{"line":39,"column":8},"end":{"line":39,"column":50}},"25":{"start":{"line":44,"column":17},"end":{"line":44,"column":36}},"26":{"start":{"line":45,"column":15},"end":{"line":45,"column":22}},"27":{"start":{"line":46,"column":4},"end":{"line":46,"column":40}},"28":{"start":{"line":47,"column":4},"end":{"line":47,"column":27}},"29":{"start":{"line":48,"column":4},"end":{"line":50,"column":5}},"30":{"start":{"line":49,"column":8},"end":{"line":49,"column":25}},"31":{"start":{"line":54,"column":23},"end":{"line":54,"column":58}},"32":{"start":{"line":55,"column":23},"end":{"line":55,"column":38}},"33":{"start":{"line":56,"column":4},"end":{"line":58,"column":45}},"34":{"start":{"line":57,"column":24},"end":{"line":57,"column":38}},"35":{"start":{"line":58,"column":21},"end":{"line":58,"column":43}},"36":{"start":{"line":62,"column":4},"end":{"line":62,"column":55}},"37":{"start":{"line":62,"column":21},"end":{"line":62,"column":53}},"38":{"start":{"line":66,"column":19},"end":{"line":66,"column":36}},"39":{"start":{"line":67,"column":4},"end":{"line":71,"column":5}},"40":{"start":{"line":68,"column":8},"end":{"line":68,"column":40}},"41":{"start":{"line":70,"column":8},"end":{"line":70,"column":43}}},"fnMap":{"0":{"name":"filterTitle","decl":{"start":{"line":9,"column":9},"end":{"line":9,"column":20}},"loc":{"start":{"line":9,"column":34},"end":{"line":11,"column":1}},"line":9},"1":{"name":"(anonymous_1)","decl":{"start":{"line":10,"column":24},"end":{"line":10,"column":25}},"loc":{"start":{"line":10,"column":32},"end":{"line":10,"column":107}},"line":10},"2":{"name":"pickCard","decl":{"start":{"line":13,"column":9},"end":{"line":13,"column":17}},"loc":{"start":{"line":13,"column":24},"end":{"line":21,"column":1}},"line":13},"3":{"name":"flipCard","decl":{"start":{"line":23,"column":9},"end":{"line":23,"column":17}},"loc":{"start":{"line":23,"column":31},"end":{"line":41,"column":1}},"line":23},"4":{"name":"showDescription","decl":{"start":{"line":43,"column":9},"end":{"line":43,"column":24}},"loc":{"start":{"line":43,"column":32},"end":{"line":51,"column":1}},"line":43},"5":{"name":"resetFlippedCard","decl":{"start":{"line":53,"column":9},"end":{"line":53,"column":25}},"loc":{"start":{"line":53,"column":40},"end":{"line":59,"column":1}},"line":53},"6":{"name":"(anonymous_6)","decl":{"start":{"line":57,"column":16},"end":{"line":57,"column":17}},"loc":{"start":{"line":57,"column":24},"end":{"line":57,"column":38}},"line":57},"7":{"name":"(anonymous_7)","decl":{"start":{"line":58,"column":13},"end":{"line":58,"column":14}},"loc":{"start":{"line":58,"column":21},"end":{"line":58,"column":43}},"line":58},"8":{"name":"cleanContainers","decl":{"start":{"line":61,"column":9},"end":{"line":61,"column":24}},"loc":{"start":{"line":61,"column":34},"end":{"line":63,"column":1}},"line":61},"9":{"name":"(anonymous_9)","decl":{"start":{"line":62,"column":13},"end":{"line":62,"column":14}},"loc":{"start":{"line":62,"column":21},"end":{"line":62,"column":53}},"line":62},"10":{"name":"fixSearchSection","decl":{"start":{"line":65,"column":9},"end":{"line":65,"column":25}},"loc":{"start":{"line":65,"column":35},"end":{"line":72,"column":1}},"line":65}},"branchMap":{"0":{"loc":{"start":{"line":10,"column":33},"end":{"line":10,"column":63}},"type":"binary-expr","locations":[{"start":{"line":10,"column":33},"end":{"line":10,"column":43}},{"start":{"line":10,"column":47},"end":{"line":10,"column":63}}],"line":10},"1":{"loc":{"start":{"line":14,"column":4},"end":{"line":20,"column":5}},"type":"if","locations":[{"start":{"line":14,"column":4},"end":{"line":20,"column":5}},{"start":{"line":14,"column":4},"end":{"line":20,"column":5}}],"line":14},"2":{"loc":{"start":{"line":28,"column":4},"end":{"line":40,"column":5}},"type":"if","locations":[{"start":{"line":28,"column":4},"end":{"line":40,"column":5}},{"start":{"line":28,"column":4},"end":{"line":40,"column":5}}],"line":28},"3":{"loc":{"start":{"line":34,"column":11},"end":{"line":40,"column":5}},"type":"if","locations":[{"start":{"line":34,"column":11},"end":{"line":40,"column":5}},{"start":{"line":34,"column":11},"end":{"line":40,"column":5}}],"line":34},"4":{"loc":{"start":{"line":48,"column":4},"end":{"line":50,"column":5}},"type":"if","locations":[{"start":{"line":48,"column":4},"end":{"line":50,"column":5}},{"start":{"line":48,"column":4},"end":{"line":50,"column":5}}],"line":48},"5":{"loc":{"start":{"line":62,"column":21},"end":{"line":62,"column":53}},"type":"cond-expr","locations":[{"start":{"line":62,"column":28},"end":{"line":62,"column":47}},{"start":{"line":62,"column":49},"end":{"line":62,"column":53}}],"line":62},"6":{"loc":{"start":{"line":67,"column":4},"end":{"line":71,"column":5}},"type":"if","locations":[{"start":{"line":67,"column":4},"end":{"line":71,"column":5}},{"start":{"line":67,"column":4},"end":{"line":71,"column":5}}],"line":67}},"s":{"0":2,"1":2,"2":2,"3":2,"4":23,"5":16,"6":16,"7":16,"8":16,"9":16,"10":16,"11":5,"12":5,"13":5,"14":2,"15":2,"16":2,"17":2,"18":2,"19":3,"20":3,"21":3,"22":3,"23":3,"24":3,"25":0,"26":0,"27":0,"28":0,"29":0,"30":0,"31":2,"32":2,"33":2,"34":4,"35":2,"36":1,"37":1,"38":0,"39":0,"40":0,"41":0},"f":{"0":2,"1":23,"2":16,"3":5,"4":0,"5":2,"6":4,"7":2,"8":1,"9":1,"10":0},"b":{"0":[23,0],"1":[16,0],"2":[2,3],"3":[3,0],"4":[0,0],"5":[1,0],"6":[0,0]},"_coverageSchema":"43e27e138ebf9cfc5966b082cf9a028302ed4184","hash":"27ca72a89c71fff9c8ff2bfe9bdbb8e3483d2b6c"}
,"/home/clara/Documentos/misrepos/ghibli-films-finder/js/loader.js": {"path":"/home/clara/Documentos/misrepos/ghibli-films-finder/js/loader.js","statementMap":{"0":{"start":{"line":3,"column":19},"end":{"line":17,"column":29}},"1":{"start":{"line":18,"column":4},"end":{"line":18,"column":30}}},"fnMap":{"0":{"name":"loader","decl":{"start":{"line":2,"column":9},"end":{"line":2,"column":15}},"loc":{"start":{"line":2,"column":24},"end":{"line":19,"column":3}},"line":2}},"branchMap":{},"s":{"0":1,"1":1},"f":{"0":1},"b":{},"_coverageSchema":"43e27e138ebf9cfc5966b082cf9a028302ed4184","hash":"5e394e2aca2e4182aa6a2b2bc68e8927a7c8a0c5"}
,"/home/clara/Documentos/misrepos/ghibli-films-finder/js/main.js": {"path":"/home/clara/Documentos/misrepos/ghibli-films-finder/js/main.js","statementMap":{"0":{"start":{"line":10,"column":15},"end":{"line":10,"column":55}},"1":{"start":{"line":11,"column":13},"end":{"line":11,"column":53}},"2":{"start":{"line":12,"column":22},"end":{"line":12,"column":73}},"3":{"start":{"line":13,"column":22},"end":{"line":13,"column":60}},"4":{"start":{"line":16,"column":21},"end":{"line":16,"column":52}},"5":{"start":{"line":19,"column":17},"end":{"line":19,"column":61}},"6":{"start":{"line":20,"column":18},"end":{"line":20,"column":51}},"7":{"start":{"line":23,"column":14},"end":{"line":23,"column":16}},"8":{"start":{"line":24,"column":17},"end":{"line":24,"column":19}},"9":{"start":{"line":28,"column":2},"end":{"line":37,"column":3}},"10":{"start":{"line":29,"column":4},"end":{"line":29,"column":28}},"11":{"start":{"line":31,"column":4},"end":{"line":36,"column":5}},"12":{"start":{"line":32,"column":6},"end":{"line":32,"column":41}},"13":{"start":{"line":33,"column":6},"end":{"line":35,"column":7}},"14":{"start":{"line":34,"column":8},"end":{"line":34,"column":28}},"15":{"start":{"line":41,"column":12},"end":{"line":41,"column":14}},"16":{"start":{"line":42,"column":2},"end":{"line":45,"column":5}},"17":{"start":{"line":43,"column":21},"end":{"line":43,"column":41}},"18":{"start":{"line":44,"column":4},"end":{"line":44,"column":20}},"19":{"start":{"line":47,"column":2},"end":{"line":47,"column":13}},"20":{"start":{"line":51,"column":23},"end":{"line":51,"column":36}},"21":{"start":{"line":52,"column":22},"end":{"line":52,"column":37}},"22":{"start":{"line":53,"column":2},"end":{"line":53,"column":10}},"23":{"start":{"line":54,"column":23},"end":{"line":54,"column":53}},"24":{"start":{"line":55,"column":20},"end":{"line":55,"column":42}},"25":{"start":{"line":57,"column":2},"end":{"line":57,"column":39}},"26":{"start":{"line":58,"column":2},"end":{"line":58,"column":49}},"27":{"start":{"line":59,"column":2},"end":{"line":59,"column":50}},"28":{"start":{"line":60,"column":2},"end":{"line":60,"column":49}},"29":{"start":{"line":64,"column":2},"end":{"line":73,"column":7}},"30":{"start":{"line":66,"column":6},"end":{"line":66,"column":21}},"31":{"start":{"line":67,"column":6},"end":{"line":67,"column":35}},"32":{"start":{"line":68,"column":6},"end":{"line":68,"column":33}},"33":{"start":{"line":71,"column":6},"end":{"line":71,"column":23}},"34":{"start":{"line":72,"column":6},"end":{"line":72,"column":53}},"35":{"start":{"line":93,"column":21},"end":{"line":93,"column":46}},"36":{"start":{"line":94,"column":2},"end":{"line":94,"column":26}},"37":{"start":{"line":95,"column":2},"end":{"line":95,"column":22}},"38":{"start":{"line":99,"column":0},"end":{"line":101,"column":1}},"39":{"start":{"line":100,"column":2},"end":{"line":100,"column":24}},"40":{"start":{"line":103,"column":0},"end":{"line":103,"column":26}},"41":{"start":{"line":105,"column":0},"end":{"line":105,"column":56}},"42":{"start":{"line":105,"column":24},"end":{"line":105,"column":55}},"43":{"start":{"line":107,"column":0},"end":{"line":109,"column":1}},"44":{"start":{"line":108,"column":2},"end":{"line":108,"column":47}}},"fnMap":{"0":{"name":"showFilmAnswer","decl":{"start":{"line":27,"column":9},"end":{"line":27,"column":23}},"loc":{"start":{"line":27,"column":47},"end":{"line":38,"column":1}},"line":27},"1":{"name":"mapCards","decl":{"start":{"line":40,"column":9},"end":{"line":40,"column":17}},"loc":{"start":{"line":40,"column":30},"end":{"line":48,"column":1}},"line":40},"2":{"name":"(anonymous_2)","decl":{"start":{"line":42,"column":12},"end":{"line":42,"column":13}},"loc":{"start":{"line":42,"column":20},"end":{"line":45,"column":3}},"line":42},"3":{"name":"createCard","decl":{"start":{"line":50,"column":9},"end":{"line":50,"column":19}},"loc":{"start":{"line":50,"column":32},"end":{"line":61,"column":1}},"line":50},"4":{"name":"callFilms","decl":{"start":{"line":63,"column":9},"end":{"line":63,"column":18}},"loc":{"start":{"line":63,"column":21},"end":{"line":74,"column":1}},"line":63},"5":{"name":"(anonymous_5)","decl":{"start":{"line":65,"column":10},"end":{"line":65,"column":11}},"loc":{"start":{"line":65,"column":18},"end":{"line":69,"column":5}},"line":65},"6":{"name":"(anonymous_6)","decl":{"start":{"line":70,"column":11},"end":{"line":70,"column":12}},"loc":{"start":{"line":70,"column":18},"end":{"line":73,"column":5}},"line":70},"7":{"name":"searchFilm","decl":{"start":{"line":92,"column":9},"end":{"line":92,"column":19}},"loc":{"start":{"line":92,"column":27},"end":{"line":96,"column":1}},"line":92},"8":{"name":"(anonymous_8)","decl":{"start":{"line":105,"column":18},"end":{"line":105,"column":19}},"loc":{"start":{"line":105,"column":24},"end":{"line":105,"column":55}},"line":105}},"branchMap":{"0":{"loc":{"start":{"line":28,"column":2},"end":{"line":37,"column":3}},"type":"if","locations":[{"start":{"line":28,"column":2},"end":{"line":37,"column":3}},{"start":{"line":28,"column":2},"end":{"line":37,"column":3}}],"line":28},"1":{"loc":{"start":{"line":28,"column":6},"end":{"line":28,"column":27}},"type":"binary-expr","locations":[{"start":{"line":28,"column":6},"end":{"line":28,"column":19}},{"start":{"line":28,"column":23},"end":{"line":28,"column":27}}],"line":28},"2":{"loc":{"start":{"line":31,"column":4},"end":{"line":36,"column":5}},"type":"if","locations":[{"start":{"line":31,"column":4},"end":{"line":36,"column":5}},{"start":{"line":31,"column":4},"end":{"line":36,"column":5}}],"line":31},"3":{"loc":{"start":{"line":33,"column":6},"end":{"line":35,"column":7}},"type":"if","locations":[{"start":{"line":33,"column":6},"end":{"line":35,"column":7}},{"start":{"line":33,"column":6},"end":{"line":35,"column":7}}],"line":33},"4":{"loc":{"start":{"line":40,"column":18},"end":{"line":40,"column":28}},"type":"default-arg","locations":[{"start":{"line":40,"column":26},"end":{"line":40,"column":28}}],"line":40},"5":{"loc":{"start":{"line":50,"column":20},"end":{"line":50,"column":30}},"type":"default-arg","locations":[{"start":{"line":50,"column":28},"end":{"line":50,"column":30}}],"line":50},"6":{"loc":{"start":{"line":99,"column":0},"end":{"line":101,"column":1}},"type":"if","locations":[{"start":{"line":99,"column":0},"end":{"line":101,"column":1}},{"start":{"line":99,"column":0},"end":{"line":101,"column":1}}],"line":99},"7":{"loc":{"start":{"line":107,"column":0},"end":{"line":109,"column":1}},"type":"if","locations":[{"start":{"line":107,"column":0},"end":{"line":109,"column":1}},{"start":{"line":107,"column":0},"end":{"line":109,"column":1}}],"line":107}},"s":{"0":1,"1":1,"2":1,"3":1,"4":1,"5":1,"6":1,"7":1,"8":1,"9":2,"10":1,"11":1,"12":1,"13":1,"14":1,"15":5,"16":5,"17":5,"18":5,"19":5,"20":0,"21":0,"22":0,"23":0,"24":0,"25":0,"26":0,"27":0,"28":0,"29":0,"30":0,"31":0,"32":0,"33":0,"34":0,"35":0,"36":0,"37":0,"38":1,"39":0,"40":1,"41":1,"42":0,"43":1,"44":0},"f":{"0":2,"1":5,"2":5,"3":0,"4":0,"5":0,"6":0,"7":0,"8":0},"b":{"0":[1,1],"1":[2,1],"2":[1,0],"3":[1,0],"4":[0],"5":[0],"6":[0,1],"7":[0,1]},"_coverageSchema":"43e27e138ebf9cfc5966b082cf9a028302ed4184","hash":"7c445b420e913ab316f7182c93125f1569cc4305"}
,"/home/clara/Documentos/misrepos/ghibli-films-finder/js/print.js": {"path":"/home/clara/Documentos/misrepos/ghibli-films-finder/js/print.js","statementMap":{"0":{"start":{"line":4,"column":59},"end":{"line":4,"column":63}},"1":{"start":{"line":6,"column":8},"end":{"line":18,"column":24}},"2":{"start":{"line":19,"column":4},"end":{"line":19,"column":16}},"3":{"start":{"line":23,"column":4},"end":{"line":28,"column":5}},"4":{"start":{"line":24,"column":26},"end":{"line":24,"column":66}},"5":{"start":{"line":25,"column":8},"end":{"line":27,"column":9}},"6":{"start":{"line":26,"column":12},"end":{"line":26,"column":49}},"7":{"start":{"line":33,"column":4},"end":{"line":35,"column":5}},"8":{"start":{"line":34,"column":8},"end":{"line":34,"column":70}}},"fnMap":{"0":{"name":"createNodeFilm","decl":{"start":{"line":3,"column":9},"end":{"line":3,"column":23}},"loc":{"start":{"line":3,"column":30},"end":{"line":20,"column":1}},"line":3},"1":{"name":"addClickListener","decl":{"start":{"line":22,"column":9},"end":{"line":22,"column":25}},"loc":{"start":{"line":22,"column":42},"end":{"line":29,"column":1}},"line":22},"2":{"name":"printErrorMsg","decl":{"start":{"line":32,"column":9},"end":{"line":32,"column":22}},"loc":{"start":{"line":32,"column":45},"end":{"line":36,"column":1}},"line":32}},"branchMap":{"0":{"loc":{"start":{"line":23,"column":4},"end":{"line":28,"column":5}},"type":"if","locations":[{"start":{"line":23,"column":4},"end":{"line":28,"column":5}},{"start":{"line":23,"column":4},"end":{"line":28,"column":5}}],"line":23},"1":{"loc":{"start":{"line":23,"column":8},"end":{"line":23,"column":24}},"type":"binary-expr","locations":[{"start":{"line":23,"column":8},"end":{"line":23,"column":16}},{"start":{"line":23,"column":20},"end":{"line":23,"column":24}}],"line":23},"2":{"loc":{"start":{"line":32,"column":23},"end":{"line":32,"column":32}},"type":"default-arg","locations":[{"start":{"line":32,"column":30},"end":{"line":32,"column":32}}],"line":32},"3":{"loc":{"start":{"line":33,"column":4},"end":{"line":35,"column":5}},"type":"if","locations":[{"start":{"line":33,"column":4},"end":{"line":35,"column":5}},{"start":{"line":33,"column":4},"end":{"line":35,"column":5}}],"line":33}},"s":{"0":7,"1":7,"2":7,"3":1,"4":1,"5":1,"6":3,"7":2,"8":2},"f":{"0":7,"1":1,"2":2},"b":{"0":[1,0],"1":[1,1],"2":[0],"3":[2,0]},"_coverageSchema":"43e27e138ebf9cfc5966b082cf9a028302ed4184","hash":"e6c2fe6a3ce3e673afd6852d8ee608e1023b8a49"}
,"/home/clara/Documentos/misrepos/ghibli-films-finder/js/service.js": {"path":"/home/clara/Documentos/misrepos/ghibli-films-finder/js/service.js","statementMap":{"0":{"start":{"line":3,"column":17},"end":{"line":3,"column":56}},"1":{"start":{"line":6,"column":16},"end":{"line":8,"column":1}},"2":{"start":{"line":7,"column":4},"end":{"line":7,"column":51}},"3":{"start":{"line":7,"column":39},"end":{"line":7,"column":49}}},"fnMap":{"0":{"name":"(anonymous_0)","decl":{"start":{"line":6,"column":16},"end":{"line":6,"column":17}},"loc":{"start":{"line":6,"column":22},"end":{"line":8,"column":1}},"line":6},"1":{"name":"(anonymous_1)","decl":{"start":{"line":7,"column":32},"end":{"line":7,"column":33}},"loc":{"start":{"line":7,"column":39},"end":{"line":7,"column":49}},"line":7}},"branchMap":{},"s":{"0":2,"1":2,"2":1,"3":1},"f":{"0":1,"1":1},"b":{},"_coverageSchema":"43e27e138ebf9cfc5966b082cf9a028302ed4184","hash":"66bd9e39df29409b3063a814292aba46fe19e12a"}
,"/home/clara/Documentos/misrepos/ghibli-films-finder/js/setTimeOut.js": {"path":"/home/clara/Documentos/misrepos/ghibli-films-finder/js/setTimeOut.js","statementMap":{"0":{"start":{"line":4,"column":4},"end":{"line":4,"column":27}}},"fnMap":{"0":{"name":"waitForCalling","decl":{"start":{"line":3,"column":9},"end":{"line":3,"column":23}},"loc":{"start":{"line":3,"column":30},"end":{"line":5,"column":3}},"line":3}},"branchMap":{},"s":{"0":2},"f":{"0":2},"b":{},"_coverageSchema":"43e27e138ebf9cfc5966b082cf9a028302ed4184","hash":"d6c109d151be6301b57c76c2e7d05b31e3f879a0"}
,"/home/clara/Documentos/misrepos/ghibli-films-finder/test/fixtures/filmApiFixture.js": {"path":"/home/clara/Documentos/misrepos/ghibli-films-finder/test/fixtures/filmApiFixture.js","statementMap":{"0":{"start":{"line":2,"column":17},"end":{"line":465,"column":3}}},"fnMap":{},"branchMap":{},"s":{"0":3},"f":{},"b":{},"_coverageSchema":"43e27e138ebf9cfc5966b082cf9a028302ed4184","hash":"1b41fe9612eeacd986de4148f25559e233fad219"}
,"/home/clara/Documentos/misrepos/ghibli-films-finder/test/fixtures/filmElementsFixture.js": {"path":"/home/clara/Documentos/misrepos/ghibli-films-finder/test/fixtures/filmElementsFixture.js","statementMap":{"0":{"start":{"line":1,"column":18},"end":{"line":1,"column":37}},"1":{"start":{"line":3,"column":18},"end":{"line":13,"column":1}},"2":{"start":{"line":16,"column":21},"end":{"line":22,"column":1}},"3":{"start":{"line":25,"column":4},"end":{"line":37,"column":24}},"4":{"start":{"line":39,"column":19},"end":{"line":52,"column":10}},"5":{"start":{"line":54,"column":19},"end":{"line":82,"column":10}}},"fnMap":{},"branchMap":{},"s":{"0":2,"1":2,"2":2,"3":2,"4":2,"5":2},"f":{},"b":{},"_coverageSchema":"43e27e138ebf9cfc5966b082cf9a028302ed4184","hash":"e23055e0c18663179e3b611110092034ec6adec7"}
}
