TN:
SF:/home/clara/Documentos/misrepos/ghibli-films-finder/js/interaction.js
FN:9,filterTitle
FN:10,(anonymous_1)
FN:13,pickCard
FN:23,flipCard
FN:44,showDescription
FN:54,resetFlippedCard
FN:58,(anonymous_6)
FN:59,(anonymous_7)
FN:62,cleanContainers
FN:63,(anonymous_9)
FN:66,fixSearchSection
FNF:11
FNH:10
FNDA:5,filterTitle
FNDA:23,(anonymous_1)
FNDA:16,pickCard
FNDA:5,flipCard
FNDA:0,showDescription
FNDA:2,resetFlippedCard
FNDA:4,(anonymous_6)
FNDA:2,(anonymous_7)
FNDA:4,cleanContainers
FNDA:7,(anonymous_9)
FNDA:2,fixSearchSection
DA:4,2
DA:5,2
DA:7,2
DA:10,23
DA:14,16
DA:15,16
DA:16,16
DA:17,16
DA:18,16
DA:19,16
DA:24,5
DA:25,5
DA:26,5
DA:28,5
DA:29,2
DA:30,2
DA:31,2
DA:32,2
DA:33,2
DA:34,3
DA:35,3
DA:36,3
DA:37,3
DA:38,3
DA:39,3
DA:45,0
DA:46,0
DA:47,0
DA:48,0
DA:49,0
DA:50,0
DA:55,2
DA:56,2
DA:57,2
DA:58,4
DA:59,2
DA:63,7
DA:68,2
DA:69,2
DA:70,1
DA:72,1
LF:41
LH:35
BRDA:10,0,0,23
BRDA:10,0,1,0
BRDA:14,1,0,16
BRDA:14,1,1,0
BRDA:24,2,0,5
BRDA:24,2,1,0
BRDA:28,3,0,2
BRDA:28,3,1,3
BRDA:34,4,0,3
BRDA:34,4,1,0
BRDA:49,5,0,0
BRDA:49,5,1,0
BRDA:63,6,0,1
BRDA:63,6,1,6
BRDA:69,7,0,1
BRDA:69,7,1,1
BRF:16
BRH:10
end_of_record
TN:
SF:/home/clara/Documentos/misrepos/ghibli-films-finder/js/loader.js
FN:2,loader
FNF:1
FNH:1
FNDA:1,loader
DA:3,1
DA:18,1
LF:2
LH:2
BRF:0
BRH:0
end_of_record
TN:
SF:/home/clara/Documentos/misrepos/ghibli-films-finder/js/main.js
FN:22,createCard
FN:35,callFilms
FN:37,(anonymous_2)
FN:42,(anonymous_3)
FN:55,(anonymous_4)
FN:57,searchFilm
FNF:6
FNH:4
FNDA:3,createCard
FNDA:1,callFilms
FNDA:0,(anonymous_2)
FNDA:1,(anonymous_3)
FNDA:0,(anonymous_4)
FNDA:2,searchFilm
DA:10,1
DA:11,1
DA:12,1
DA:13,1
DA:16,1
DA:19,1
DA:20,1
DA:23,3
DA:24,3
DA:26,3
DA:27,3
DA:29,3
DA:30,3
DA:31,3
DA:32,3
DA:36,1
DA:38,0
DA:39,0
DA:40,0
DA:43,1
DA:44,1
DA:49,1
DA:50,0
DA:53,1
DA:55,1
DA:58,2
DA:59,2
DA:60,2
DA:61,2
DA:64,1
DA:65,0
LF:31
LH:26
BRDA:22,0,0,1
BRDA:49,1,0,0
BRDA:49,1,1,1
BRDA:64,2,0,0
BRDA:64,2,1,1
BRF:5
BRH:3
end_of_record
TN:
SF:/home/clara/Documentos/misrepos/ghibli-films-finder/js/print.js
FN:8,createNodeFilm
FN:27,addClickListener
FN:36,printErrorMsg
FN:42,showFilmAnswer
FN:55,mapCards
FN:57,(anonymous_5)
FNF:6
FNH:6
FNDA:8,createNodeFilm
FNDA:7,addClickListener
FNDA:3,printErrorMsg
FNDA:5,showFilmAnswer
FNDA:9,mapCards
FNDA:6,(anonymous_5)
DA:4,2
DA:6,2
DA:9,8
DA:11,8
DA:24,8
DA:28,7
DA:29,7
DA:30,7
DA:31,3
DA:37,3
DA:38,2
DA:43,5
DA:44,1
DA:46,4
DA:47,1
DA:48,1
DA:49,1
DA:56,9
DA:57,9
DA:58,6
DA:59,6
DA:62,9
LF:22
LH:22
BRDA:28,0,0,7
BRDA:28,0,1,0
BRDA:28,1,0,7
BRDA:28,1,1,7
BRDA:36,2,0,0
BRDA:37,3,0,2
BRDA:37,3,1,1
BRDA:43,4,0,1
BRDA:43,4,1,4
BRDA:43,5,0,5
BRDA:43,5,1,1
BRDA:46,6,0,1
BRDA:46,6,1,3
BRDA:48,7,0,1
BRDA:48,7,1,0
BRDA:55,8,0,0
BRF:16
BRH:12
end_of_record
TN:
SF:/home/clara/Documentos/misrepos/ghibli-films-finder/js/service.js
FN:6,(anonymous_0)
FN:7,(anonymous_1)
FNF:2
FNH:2
FNDA:3,(anonymous_0)
FNDA:2,(anonymous_1)
DA:3,2
DA:6,2
DA:7,3
LF:3
LH:3
BRF:0
BRH:0
end_of_record
TN:
SF:/home/clara/Documentos/misrepos/ghibli-films-finder/js/setTimeOut.js
FN:3,waitForCalling
FNF:1
FNH:1
FNDA:2,waitForCalling
DA:4,2
LF:1
LH:1
BRF:0
BRH:0
end_of_record
TN:
SF:/home/clara/Documentos/misrepos/ghibli-films-finder/test/fixtures/filmApiFixture.js
FNF:0
FNH:0
DA:2,2
LF:1
LH:1
BRF:0
BRH:0
end_of_record
TN:
SF:/home/clara/Documentos/misrepos/ghibli-films-finder/test/fixtures/filmElementsFixture.js
FNF:0
FNH:0
DA:1,2
DA:3,2
DA:16,2
DA:25,2
DA:39,2
DA:54,2
LF:6
LH:6
BRF:0
BRH:0
end_of_record
