TN:
SF:/home/clara/Documentos/misrepos/ghibli-films-finder/js/interaction.js
FN:9,filterTitle
FN:10,(anonymous_1)
FN:13,pickCard
FN:23,flipCard
FN:43,showDescription
FN:51,resetFlippedCard
FN:55,(anonymous_6)
FN:56,(anonymous_7)
FN:59,cleanContainers
FN:60,(anonymous_9)
FN:63,fixSearchSection
FNF:11
FNH:9
FNDA:2,filterTitle
FNDA:23,(anonymous_1)
FNDA:15,pickCard
FNDA:4,flipCard
FNDA:0,showDescription
FNDA:1,resetFlippedCard
FNDA:2,(anonymous_6)
FNDA:1,(anonymous_7)
FNDA:1,cleanContainers
FNDA:1,(anonymous_9)
FNDA:0,fixSearchSection
DA:4,1
DA:5,1
DA:7,1
DA:10,23
DA:14,15
DA:15,15
DA:16,15
DA:17,15
DA:18,15
DA:19,15
DA:25,4
DA:26,4
DA:28,4
DA:29,2
DA:30,2
DA:31,2
DA:32,2
DA:33,2
DA:34,2
DA:35,2
DA:36,2
DA:37,2
DA:38,2
DA:39,2
DA:44,0
DA:45,0
DA:46,0
DA:47,0
DA:48,0
DA:52,1
DA:53,1
DA:54,1
DA:55,2
DA:56,1
DA:60,1
DA:64,0
DA:65,0
DA:66,0
DA:68,0
LF:39
LH:30
BRDA:10,0,0,23
BRDA:10,0,1,0
BRDA:14,1,0,15
BRDA:14,1,1,0
BRDA:28,2,0,2
BRDA:28,2,1,2
BRDA:34,3,0,2
BRDA:34,3,1,0
BRDA:65,4,0,0
BRDA:65,4,1,0
BRF:10
BRH:5
end_of_record
TN:
SF:/home/clara/Documentos/misrepos/ghibli-films-finder/js/loader.js
FN:2,loader
FNF:1
FNH:1
FNDA:1,loader
DA:3,1
DA:18,1
LF:2
LH:2
BRF:0
BRH:0
end_of_record
TN:
SF:/home/clara/Documentos/misrepos/ghibli-films-finder/js/print.js
FN:3,createNodeFilm
FN:22,addClickListener
FN:32,printErrorMsg
FNF:3
FNH:3
FNDA:2,createNodeFilm
FNDA:1,addClickListener
FNDA:1,printErrorMsg
DA:4,2
DA:6,2
DA:19,2
DA:23,1
DA:24,1
DA:25,1
DA:26,3
DA:33,1
DA:34,1
LF:9
LH:9
BRDA:23,0,0,1
BRDA:23,0,1,0
BRDA:23,1,0,1
BRDA:23,1,1,1
BRDA:32,2,0,0
BRDA:33,3,0,1
BRDA:33,3,1,0
BRF:7
BRH:4
end_of_record
TN:
SF:/home/clara/Documentos/misrepos/ghibli-films-finder/js/service.js
FN:6,(anonymous_0)
FN:7,(anonymous_1)
FNF:2
FNH:2
FNDA:1,(anonymous_0)
FNDA:1,(anonymous_1)
DA:3,1
DA:6,1
DA:7,1
LF:3
LH:3
BRF:0
BRH:0
end_of_record
TN:
SF:/home/clara/Documentos/misrepos/ghibli-films-finder/js/setTimeOut.js
FN:3,waitForCalling
FNF:1
FNH:1
FNDA:1,waitForCalling
DA:4,1
LF:1
LH:1
BRF:0
BRH:0
end_of_record
TN:
SF:/home/clara/Documentos/misrepos/ghibli-films-finder/test/fixtures/filmApiFixture.js
FNF:0
FNH:0
DA:2,2
LF:1
LH:1
BRF:0
BRH:0
end_of_record
TN:
SF:/home/clara/Documentos/misrepos/ghibli-films-finder/test/fixtures/filmElementsFixture.js
FNF:0
FNH:0
DA:1,2
DA:2,2
DA:11,2
DA:25,2
DA:40,2
LF:5
LH:5
BRF:0
BRH:0
end_of_record
